taring
SAGCQA0497_JosePolo_28102022/
SAGCQA0497_JosePolo_28102022/fastq/
SAGCQA0497_JosePolo_28102022/fastq/22-02961_R2.fastq.gz
SAGCQA0497_JosePolo_28102022/fastq/22-02960_R2.fastq.gz
SAGCQA0497_JosePolo_28102022/fastq/22-02962_R2.fastq.gz
SAGCQA0497_JosePolo_28102022/fastq/Stats/
SAGCQA0497_JosePolo_28102022/fastq/Stats/DemuxSummaryF1L4.txt
SAGCQA0497_JosePolo_28102022/fastq/Stats/Stats.json
SAGCQA0497_JosePolo_28102022/fastq/Stats/DemuxSummaryF1L2.txt
SAGCQA0497_JosePolo_28102022/fastq/Stats/FastqSummaryF1L2.txt
SAGCQA0497_JosePolo_28102022/fastq/Stats/FastqSummaryF1L3.txt
SAGCQA0497_JosePolo_28102022/fastq/Stats/DemuxSummaryF1L1.txt
SAGCQA0497_JosePolo_28102022/fastq/Stats/DemultiplexingStats.xml
SAGCQA0497_JosePolo_28102022/fastq/Stats/FastqSummaryF1L1.txt
SAGCQA0497_JosePolo_28102022/fastq/Stats/AdapterTrimming.txt
SAGCQA0497_JosePolo_28102022/fastq/Stats/DemuxSummaryF1L3.txt
SAGCQA0497_JosePolo_28102022/fastq/Stats/ConversionStats.xml
SAGCQA0497_JosePolo_28102022/fastq/Stats/FastqSummaryF1L4.txt
SAGCQA0497_JosePolo_28102022/fastq/22-02957_R1.fastq.gz
SAGCQA0497_JosePolo_28102022/fastq/22-02962_R1.fastq.gz
SAGCQA0497_JosePolo_28102022/fastq/22-02958_R2.fastq.gz
SAGCQA0497_JosePolo_28102022/fastq/22-02959_R2.fastq.gz
SAGCQA0497_JosePolo_28102022/fastq/Undetermined_R1.fastq.gz
SAGCQA0497_JosePolo_28102022/fastq/22-02961_R1.fastq.gz
SAGCQA0497_JosePolo_28102022/fastq/fastq.md5
SAGCQA0497_JosePolo_28102022/fastq/22-02964_R2.fastq.gz
SAGCQA0497_JosePolo_28102022/fastq/22-02959_R1.fastq.gz
SAGCQA0497_JosePolo_28102022/fastq/22-02965_R1.fastq.gz
slurmstepd: error: *** JOB 118097 ON hpc-lin-cmp02 CANCELLED AT 2024-04-10T14:21:54 ***
